mode: atomic
qualflare-cli/cmd/main.go:14.13,15.30 1 0
qualflare-cli/cmd/main.go:15.30,18.3 2 0
qualflare-cli/cmd/main.go:21.18,40.2 7 0
qualflare-cli/internal/adapters/cli/command.go:26.108,32.2 1 0
qualflare-cli/internal/adapters/cli/command.go:35.50,62.2 8 0
qualflare-cli/internal/adapters/cli/command.go:65.52,101.55 2 0
qualflare-cli/internal/adapters/cli/command.go:101.55,114.4 1 0
qualflare-cli/internal/adapters/cli/command.go:118.2,129.12 11 0
qualflare-cli/internal/adapters/cli/command.go:145.88,157.44 9 0
qualflare-cli/internal/adapters/cli/command.go:157.44,159.3 1 0
qualflare-cli/internal/adapters/cli/command.go:162.2,162.29 1 0
qualflare-cli/internal/adapters/cli/command.go:162.29,163.50 1 0
qualflare-cli/internal/adapters/cli/command.go:163.50,165.4 1 0
qualflare-cli/internal/adapters/cli/command.go:169.2,170.23 2 0
qualflare-cli/internal/adapters/cli/command.go:170.23,172.27 2 0
qualflare-cli/internal/adapters/cli/command.go:172.27,174.4 1 0
qualflare-cli/internal/adapters/cli/command.go:178.2,181.25 3 0
qualflare-cli/internal/adapters/cli/command.go:181.25,183.3 1 0
qualflare-cli/internal/adapters/cli/command.go:186.2,186.42 1 0
qualflare-cli/internal/adapters/cli/command.go:186.42,188.17 2 0
qualflare-cli/internal/adapters/cli/command.go:188.17,190.4 1 0
qualflare-cli/internal/adapters/cli/command.go:192.3,193.17 2 0
qualflare-cli/internal/adapters/cli/command.go:193.17,195.4 1 0
qualflare-cli/internal/adapters/cli/command.go:197.3,198.13 2 0
qualflare-cli/internal/adapters/cli/command.go:202.2,202.82 1 0
qualflare-cli/internal/adapters/cli/command.go:202.82,204.3 1 0
qualflare-cli/internal/adapters/cli/command.go:206.2,206.25 1 0
qualflare-cli/internal/adapters/cli/command.go:206.25,207.18 1 0
qualflare-cli/internal/adapters/cli/command.go:207.18,209.4 1 0
qualflare-cli/internal/adapters/cli/command.go:209.9,211.4 1 0
qualflare-cli/internal/adapters/cli/command.go:214.2,214.12 1 0
qualflare-cli/internal/adapters/cli/command.go:218.54,234.55 2 0
qualflare-cli/internal/adapters/cli/command.go:234.55,236.4 1 0
qualflare-cli/internal/adapters/cli/command.go:239.2,241.12 2 0
qualflare-cli/internal/adapters/cli/command.go:244.88,246.21 2 0
qualflare-cli/internal/adapters/cli/command.go:246.21,248.27 2 0
qualflare-cli/internal/adapters/cli/command.go:248.27,250.4 1 0
qualflare-cli/internal/adapters/cli/command.go:253.2,256.16 3 0
qualflare-cli/internal/adapters/cli/command.go:256.16,258.3 1 0
qualflare-cli/internal/adapters/cli/command.go:260.2,261.33 2 0
qualflare-cli/internal/adapters/cli/command.go:261.33,262.19 1 0
qualflare-cli/internal/adapters/cli/command.go:262.19,264.4 1 0
qualflare-cli/internal/adapters/cli/command.go:264.9,267.4 2 0
qualflare-cli/internal/adapters/cli/command.go:270.2,270.15 1 0
qualflare-cli/internal/adapters/cli/command.go:270.15,272.3 1 0
qualflare-cli/internal/adapters/cli/command.go:274.2,274.12 1 0
qualflare-cli/internal/adapters/cli/command.go:278.53,284.48 2 0
qualflare-cli/internal/adapters/cli/command.go:284.48,286.13 2 0
qualflare-cli/internal/adapters/cli/command.go:286.13,288.5 1 0
qualflare-cli/internal/adapters/cli/command.go:288.10,290.5 1 0
qualflare-cli/internal/adapters/cli/command.go:294.2,296.12 2 0
qualflare-cli/internal/adapters/cli/command.go:300.57,307.48 2 0
qualflare-cli/internal/adapters/cli/command.go:307.48,309.4 1 0
qualflare-cli/internal/adapters/cli/command.go:312.2,314.12 2 0
qualflare-cli/internal/adapters/cli/command.go:317.51,326.44 2 0
qualflare-cli/internal/adapters/cli/command.go:326.44,329.3 2 0
qualflare-cli/internal/adapters/cli/command.go:331.2,347.28 3 0
qualflare-cli/internal/adapters/cli/command.go:347.28,348.60 1 0
qualflare-cli/internal/adapters/cli/command.go:348.60,349.12 1 0
qualflare-cli/internal/adapters/cli/command.go:352.3,353.27 2 0
qualflare-cli/internal/adapters/cli/command.go:353.27,354.12 1 0
qualflare-cli/internal/adapters/cli/command.go:357.3,358.33 2 0
qualflare-cli/internal/adapters/cli/command.go:358.33,360.4 1 0
qualflare-cli/internal/adapters/cli/command.go:362.2,362.15 1 0
qualflare-cli/internal/adapters/cli/command.go:366.61,367.25 1 0
qualflare-cli/internal/adapters/cli/command.go:367.25,369.3 1 0
qualflare-cli/internal/adapters/cli/command.go:372.64,373.25 1 0
qualflare-cli/internal/adapters/cli/command.go:373.25,375.3 1 0
qualflare-cli/internal/adapters/cli/command.go:378.62,380.2 1 0
qualflare-cli/internal/adapters/cli/command.go:382.64,383.26 1 0
qualflare-cli/internal/adapters/cli/command.go:383.26,385.3 1 0
qualflare-cli/internal/adapters/parsers/api/newman/newman.go:113.20,115.2 1 0
qualflare-cli/internal/adapters/parsers/api/newman/newman.go:118.65,122.48 3 0
qualflare-cli/internal/adapters/parsers/api/newman/newman.go:122.48,124.3 1 0
qualflare-cli/internal/adapters/parsers/api/newman/newman.go:126.2,131.72 5 0
qualflare-cli/internal/adapters/parsers/api/newman/newman.go:131.72,133.3 1 0
qualflare-cli/internal/adapters/parsers/api/newman/newman.go:135.2,148.40 3 0
qualflare-cli/internal/adapters/parsers/api/newman/newman.go:148.40,151.3 2 0
qualflare-cli/internal/adapters/parsers/api/newman/newman.go:154.2,154.45 1 0
qualflare-cli/internal/adapters/parsers/api/newman/newman.go:154.45,157.3 2 0
qualflare-cli/internal/adapters/parsers/api/newman/newman.go:159.2,159.19 1 0
qualflare-cli/internal/adapters/parsers/api/newman/newman.go:163.96,175.44 5 0
qualflare-cli/internal/adapters/parsers/api/newman/newman.go:175.44,176.24 1 0
qualflare-cli/internal/adapters/parsers/api/newman/newman.go:176.24,178.4 1 0
qualflare-cli/internal/adapters/parsers/api/newman/newman.go:178.9,178.36 1 0
qualflare-cli/internal/adapters/parsers/api/newman/newman.go:178.36,181.4 2 0
qualflare-cli/internal/adapters/parsers/api/newman/newman.go:185.2,185.50 1 0
qualflare-cli/internal/adapters/parsers/api/newman/newman.go:185.50,187.30 2 0
qualflare-cli/internal/adapters/parsers/api/newman/newman.go:187.30,189.33 2 0
qualflare-cli/internal/adapters/parsers/api/newman/newman.go:189.33,191.5 1 0
qualflare-cli/internal/adapters/parsers/api/newman/newman.go:195.2,195.16 1 0
qualflare-cli/internal/adapters/parsers/api/newman/newman.go:195.16,197.25 2 0
qualflare-cli/internal/adapters/parsers/api/newman/newman.go:197.25,199.4 1 0
qualflare-cli/internal/adapters/parsers/api/newman/newman.go:200.8,200.52 1 0
qualflare-cli/internal/adapters/parsers/api/newman/newman.go:200.52,202.3 1 0
qualflare-cli/internal/adapters/parsers/api/newman/newman.go:202.8,204.3 1 0
qualflare-cli/internal/adapters/parsers/api/newman/newman.go:207.2,213.17 2 0
qualflare-cli/internal/adapters/parsers/api/newman/newman.go:217.50,219.2 1 0
qualflare-cli/internal/adapters/parsers/api/newman/newman.go:222.53,224.2 1 0
qualflare-cli/internal/adapters/parsers/api/k6/k6.go:62.20,64.2 1 0
qualflare-cli/internal/adapters/parsers/api/k6/k6.go:67.65,71.48 3 0
qualflare-cli/internal/adapters/parsers/api/k6/k6.go:71.48,73.3 1 0
qualflare-cli/internal/adapters/parsers/api/k6/k6.go:75.2,94.19 6 0
qualflare-cli/internal/adapters/parsers/api/k6/k6.go:98.80,100.18 2 0
qualflare-cli/internal/adapters/parsers/api/k6/k6.go:100.18,102.3 1 0
qualflare-cli/internal/adapters/parsers/api/k6/k6.go:105.2,105.37 1 0
qualflare-cli/internal/adapters/parsers/api/k6/k6.go:105.37,110.23 3 0
qualflare-cli/internal/adapters/parsers/api/k6/k6.go:110.23,112.4 1 0
qualflare-cli/internal/adapters/parsers/api/k6/k6.go:112.9,112.31 1 0
qualflare-cli/internal/adapters/parsers/api/k6/k6.go:112.31,114.4 1 0
qualflare-cli/internal/adapters/parsers/api/k6/k6.go:114.9,117.4 1 0
qualflare-cli/internal/adapters/parsers/api/k6/k6.go:121.2,121.43 1 0
qualflare-cli/internal/adapters/parsers/api/k6/k6.go:121.43,123.3 1 0
qualflare-cli/internal/adapters/parsers/api/k6/k6.go:127.74,135.15 4 0
qualflare-cli/internal/adapters/parsers/api/k6/k6.go:135.15,137.3 1 0
qualflare-cli/internal/adapters/parsers/api/k6/k6.go:139.2,139.22 1 0
qualflare-cli/internal/adapters/parsers/api/k6/k6.go:139.22,141.3 1 0
qualflare-cli/internal/adapters/parsers/api/k6/k6.go:141.8,141.30 1 0
qualflare-cli/internal/adapters/parsers/api/k6/k6.go:141.30,144.3 2 0
qualflare-cli/internal/adapters/parsers/api/k6/k6.go:144.8,147.3 2 0
qualflare-cli/internal/adapters/parsers/api/k6/k6.go:149.2,157.17 2 0
qualflare-cli/internal/adapters/parsers/api/k6/k6.go:161.84,162.42 1 0
qualflare-cli/internal/adapters/parsers/api/k6/k6.go:162.42,163.34 1 0
qualflare-cli/internal/adapters/parsers/api/k6/k6.go:163.34,164.12 1 0
qualflare-cli/internal/adapters/parsers/api/k6/k6.go:167.3,167.59 1 0
qualflare-cli/internal/adapters/parsers/api/k6/k6.go:167.59,174.20 2 0
qualflare-cli/internal/adapters/parsers/api/k6/k6.go:174.20,177.5 2 0
qualflare-cli/internal/adapters/parsers/api/k6/k6.go:177.10,181.5 3 0
qualflare-cli/internal/adapters/parsers/api/k6/k6.go:184.4,185.36 2 0
qualflare-cli/internal/adapters/parsers/api/k6/k6.go:185.36,187.5 1 0
qualflare-cli/internal/adapters/parsers/api/k6/k6.go:189.4,189.47 1 0
qualflare-cli/internal/adapters/parsers/api/k6/k6.go:195.85,208.33 3 0
qualflare-cli/internal/adapters/parsers/api/k6/k6.go:208.33,209.37 1 0
qualflare-cli/internal/adapters/parsers/api/k6/k6.go:209.37,210.43 1 0
qualflare-cli/internal/adapters/parsers/api/k6/k6.go:210.43,212.5 1 0
qualflare-cli/internal/adapters/parsers/api/k6/k6.go:213.4,213.45 1 0
qualflare-cli/internal/adapters/parsers/api/k6/k6.go:213.45,215.5 1 0
qualflare-cli/internal/adapters/parsers/api/k6/k6.go:216.4,216.47 1 0
qualflare-cli/internal/adapters/parsers/api/k6/k6.go:216.47,218.5 1 0
qualflare-cli/internal/adapters/parsers/api/k6/k6.go:219.4,219.45 1 0
qualflare-cli/internal/adapters/parsers/api/k6/k6.go:219.45,221.5 1 0
qualflare-cli/internal/adapters/parsers/api/k6/k6.go:225.2,225.16 1 0
qualflare-cli/internal/adapters/parsers/api/k6/k6.go:229.50,231.2 1 0
qualflare-cli/internal/adapters/parsers/api/k6/k6.go:234.53,236.2 1 0
qualflare-cli/internal/adapters/parsers/bdd/cucumber/cucumber.go:70.20,72.2 1 0
qualflare-cli/internal/adapters/parsers/bdd/cucumber/cucumber.go:75.65,79.50 3 0
qualflare-cli/internal/adapters/parsers/bdd/cucumber/cucumber.go:79.50,81.3 1 0
qualflare-cli/internal/adapters/parsers/bdd/cucumber/cucumber.go:83.2,91.35 3 0
qualflare-cli/internal/adapters/parsers/bdd/cucumber/cucumber.go:91.35,92.45 1 0
qualflare-cli/internal/adapters/parsers/bdd/cucumber/cucumber.go:92.45,93.74 1 0
qualflare-cli/internal/adapters/parsers/bdd/cucumber/cucumber.go:93.74,94.13 1 0
qualflare-cli/internal/adapters/parsers/bdd/cucumber/cucumber.go:97.4,102.27 4 0
qualflare-cli/internal/adapters/parsers/bdd/cucumber/cucumber.go:103.29,104.19 1 0
qualflare-cli/internal/adapters/parsers/bdd/cucumber/cucumber.go:105.29,106.19 1 0
qualflare-cli/internal/adapters/parsers/bdd/cucumber/cucumber.go:107.52,108.20 1 0
qualflare-cli/internal/adapters/parsers/bdd/cucumber/cucumber.go:113.2,116.19 3 0
qualflare-cli/internal/adapters/parsers/bdd/cucumber/cucumber.go:120.82,128.35 3 0
qualflare-cli/internal/adapters/parsers/bdd/cucumber/cucumber.go:128.35,130.3 1 0
qualflare-cli/internal/adapters/parsers/bdd/cucumber/cucumber.go:131.2,131.36 1 0
qualflare-cli/internal/adapters/parsers/bdd/cucumber/cucumber.go:131.36,133.3 1 0
qualflare-cli/internal/adapters/parsers/bdd/cucumber/cucumber.go:134.2,144.39 7 0
qualflare-cli/internal/adapters/parsers/bdd/cucumber/cucumber.go:144.39,145.37 1 0
qualflare-cli/internal/adapters/parsers/bdd/cucumber/cucumber.go:145.37,147.38 2 0
qualflare-cli/internal/adapters/parsers/bdd/cucumber/cucumber.go:147.38,149.5 1 0
qualflare-cli/internal/adapters/parsers/bdd/cucumber/cucumber.go:154.2,154.38 1 0
qualflare-cli/internal/adapters/parsers/bdd/cucumber/cucumber.go:154.38,165.29 4 0
qualflare-cli/internal/adapters/parsers/bdd/cucumber/cucumber.go:166.17,167.43 1 0
qualflare-cli/internal/adapters/parsers/bdd/cucumber/cucumber.go:168.17,172.38 4 0
qualflare-cli/internal/adapters/parsers/bdd/cucumber/cucumber.go:172.38,175.5 2 0
qualflare-cli/internal/adapters/parsers/bdd/cucumber/cucumber.go:176.18,178.45 2 0
qualflare-cli/internal/adapters/parsers/bdd/cucumber/cucumber.go:178.45,180.5 1 0
qualflare-cli/internal/adapters/parsers/bdd/cucumber/cucumber.go:181.20,183.45 2 0
qualflare-cli/internal/adapters/parsers/bdd/cucumber/cucumber.go:183.45,185.5 1 0
qualflare-cli/internal/adapters/parsers/bdd/cucumber/cucumber.go:186.18,188.45 2 0
qualflare-cli/internal/adapters/parsers/bdd/cucumber/cucumber.go:188.45,190.5 1 0
qualflare-cli/internal/adapters/parsers/bdd/cucumber/cucumber.go:191.11,192.44 1 0
qualflare-cli/internal/adapters/parsers/bdd/cucumber/cucumber.go:195.3,195.54 1 0
qualflare-cli/internal/adapters/parsers/bdd/cucumber/cucumber.go:199.2,199.38 1 0
qualflare-cli/internal/adapters/parsers/bdd/cucumber/cucumber.go:199.38,200.37 1 0
qualflare-cli/internal/adapters/parsers/bdd/cucumber/cucumber.go:200.37,202.38 2 0
qualflare-cli/internal/adapters/parsers/bdd/cucumber/cucumber.go:202.38,204.5 1 0
qualflare-cli/internal/adapters/parsers/bdd/cucumber/cucumber.go:208.2,211.28 3 0
qualflare-cli/internal/adapters/parsers/bdd/cucumber/cucumber.go:211.28,213.3 1 0
qualflare-cli/internal/adapters/parsers/bdd/cucumber/cucumber.go:214.2,214.26 1 0
qualflare-cli/internal/adapters/parsers/bdd/cucumber/cucumber.go:214.26,216.3 1 0
qualflare-cli/internal/adapters/parsers/bdd/cucumber/cucumber.go:219.2,224.17 2 0
qualflare-cli/internal/adapters/parsers/bdd/cucumber/cucumber.go:228.50,230.2 1 0
qualflare-cli/internal/adapters/parsers/bdd/cucumber/cucumber.go:233.53,235.2 1 0
qualflare-cli/internal/adapters/parsers/base/base.go:9.59,10.19 1 0
qualflare-cli/internal/adapters/parsers/base/base.go:10.19,12.3 1 0
qualflare-cli/internal/adapters/parsers/base/base.go:14.2,15.16 2 0
qualflare-cli/internal/adapters/parsers/base/base.go:15.16,17.3 1 0
qualflare-cli/internal/adapters/parsers/base/base.go:19.2,19.59 1 0
qualflare-cli/internal/adapters/parsers/base/base.go:23.48,25.2 1 0
qualflare-cli/internal/adapters/parsers/base/base.go:28.46,30.2 1 0
qualflare-cli/internal/adapters/parsers/base/base.go:33.35,34.14 1 0
qualflare-cli/internal/adapters/parsers/base/base.go:34.14,36.3 1 0
qualflare-cli/internal/adapters/parsers/base/base.go:37.2,37.11 1 0
qualflare-cli/internal/adapters/parsers/base/base.go:41.26,42.14 1 0
qualflare-cli/internal/adapters/parsers/base/base.go:42.14,44.3 1 0
qualflare-cli/internal/adapters/parsers/base/base.go:45.2,45.11 1 0
qualflare-cli/internal/adapters/parsers/base/base.go:49.47,50.28 1 0
qualflare-cli/internal/adapters/parsers/base/base.go:50.28,51.14 1 0
qualflare-cli/internal/adapters/parsers/base/base.go:51.14,53.4 1 0
qualflare-cli/internal/adapters/parsers/base/base.go:55.2,55.11 1 0
qualflare-cli/internal/adapters/parsers/base/base.go:59.50,60.22 1 0
qualflare-cli/internal/adapters/parsers/base/base.go:60.22,62.3 1 0
qualflare-cli/internal/adapters/parsers/base/base.go:63.2,63.17 1 0
qualflare-cli/internal/adapters/parsers/base/base.go:63.17,65.3 1 0
qualflare-cli/internal/adapters/parsers/base/base.go:66.2,66.29 1 0
qualflare-cli/internal/adapters/parsers/e2e/cypress/cypress.go:107.20,109.2 1 0
qualflare-cli/internal/adapters/parsers/e2e/cypress/cypress.go:112.65,116.48 3 0
qualflare-cli/internal/adapters/parsers/e2e/cypress/cypress.go:116.48,118.3 1 0
qualflare-cli/internal/adapters/parsers/e2e/cypress/cypress.go:120.2,132.30 2 0
qualflare-cli/internal/adapters/parsers/e2e/cypress/cypress.go:132.30,133.73 1 0
qualflare-cli/internal/adapters/parsers/e2e/cypress/cypress.go:133.73,135.4 1 0
qualflare-cli/internal/adapters/parsers/e2e/cypress/cypress.go:139.2,139.40 1 0
qualflare-cli/internal/adapters/parsers/e2e/cypress/cypress.go:139.40,141.3 1 0
qualflare-cli/internal/adapters/parsers/e2e/cypress/cypress.go:143.2,143.19 1 0
qualflare-cli/internal/adapters/parsers/e2e/cypress/cypress.go:147.74,149.36 1 0
qualflare-cli/internal/adapters/parsers/e2e/cypress/cypress.go:149.36,152.3 2 0
qualflare-cli/internal/adapters/parsers/e2e/cypress/cypress.go:155.2,155.34 1 0
qualflare-cli/internal/adapters/parsers/e2e/cypress/cypress.go:155.34,157.3 1 0
qualflare-cli/internal/adapters/parsers/e2e/cypress/cypress.go:161.67,163.31 1 0
qualflare-cli/internal/adapters/parsers/e2e/cypress/cypress.go:163.31,166.3 2 0
qualflare-cli/internal/adapters/parsers/e2e/cypress/cypress.go:169.2,169.34 1 0
qualflare-cli/internal/adapters/parsers/e2e/cypress/cypress.go:169.34,171.3 1 0
qualflare-cli/internal/adapters/parsers/e2e/cypress/cypress.go:175.66,184.20 2 0
qualflare-cli/internal/adapters/parsers/e2e/cypress/cypress.go:185.16,186.40 1 0
qualflare-cli/internal/adapters/parsers/e2e/cypress/cypress.go:187.16,189.29 2 0
qualflare-cli/internal/adapters/parsers/e2e/cypress/cypress.go:189.29,192.4 2 0
qualflare-cli/internal/adapters/parsers/e2e/cypress/cypress.go:193.17,194.41 1 0
qualflare-cli/internal/adapters/parsers/e2e/cypress/cypress.go:195.10,196.19 1 0
qualflare-cli/internal/adapters/parsers/e2e/cypress/cypress.go:196.19,198.4 1 0
qualflare-cli/internal/adapters/parsers/e2e/cypress/cypress.go:198.9,198.23 1 0
qualflare-cli/internal/adapters/parsers/e2e/cypress/cypress.go:198.23,200.4 1 0
qualflare-cli/internal/adapters/parsers/e2e/cypress/cypress.go:200.9,200.23 1 0
qualflare-cli/internal/adapters/parsers/e2e/cypress/cypress.go:200.23,202.4 1 0
qualflare-cli/internal/adapters/parsers/e2e/cypress/cypress.go:202.9,204.4 1 0
qualflare-cli/internal/adapters/parsers/e2e/cypress/cypress.go:208.2,208.19 1 0
qualflare-cli/internal/adapters/parsers/e2e/cypress/cypress.go:208.19,210.34 2 0
qualflare-cli/internal/adapters/parsers/e2e/cypress/cypress.go:210.34,212.4 1 0
qualflare-cli/internal/adapters/parsers/e2e/cypress/cypress.go:216.2,220.22 2 0
qualflare-cli/internal/adapters/parsers/e2e/cypress/cypress.go:220.22,222.3 1 0
qualflare-cli/internal/adapters/parsers/e2e/cypress/cypress.go:224.2,224.17 1 0
qualflare-cli/internal/adapters/parsers/e2e/cypress/cypress.go:228.50,230.2 1 0
qualflare-cli/internal/adapters/parsers/e2e/cypress/cypress.go:233.53,235.2 1 0
qualflare-cli/internal/adapters/http/client.go:36.79,50.27 3 0
qualflare-cli/internal/adapters/http/client.go:50.27,52.3 1 0
qualflare-cli/internal/adapters/http/client.go:54.2,54.10 1 0
qualflare-cli/internal/adapters/http/client.go:58.55,59.25 1 0
qualflare-cli/internal/adapters/http/client.go:59.25,61.3 1 0
qualflare-cli/internal/adapters/http/client.go:65.49,66.25 1 0
qualflare-cli/internal/adapters/http/client.go:66.25,68.3 1 0
qualflare-cli/internal/adapters/http/client.go:72.79,74.16 2 0
qualflare-cli/internal/adapters/http/client.go:74.16,80.3 1 0
qualflare-cli/internal/adapters/http/client.go:82.2,83.55 2 0
qualflare-cli/internal/adapters/http/client.go:83.55,84.18 1 0
qualflare-cli/internal/adapters/http/client.go:84.18,86.11 2 0
qualflare-cli/internal/adapters/http/client.go:87.22,92.6 1 0
qualflare-cli/internal/adapters/http/client.go:93.29,93.29 0 0
qualflare-cli/internal/adapters/http/client.go:97.3,98.17 2 0
qualflare-cli/internal/adapters/http/client.go:98.17,100.4 1 0
qualflare-cli/internal/adapters/http/client.go:102.3,106.30 3 0
qualflare-cli/internal/adapters/http/client.go:106.30,107.25 1 0
qualflare-cli/internal/adapters/http/client.go:107.25,109.5 1 0
qualflare-cli/internal/adapters/http/client.go:111.4,111.29 1 0
qualflare-cli/internal/adapters/http/client.go:111.29,112.12 1 0
qualflare-cli/internal/adapters/http/client.go:113.23,118.7 1 0
qualflare-cli/internal/adapters/http/client.go:119.42,119.42 0 0
qualflare-cli/internal/adapters/http/client.go:125.2,129.3 1 0
qualflare-cli/internal/adapters/http/client.go:133.68,135.16 2 0
qualflare-cli/internal/adapters/http/client.go:135.16,142.3 1 0
qualflare-cli/internal/adapters/http/client.go:144.2,148.50 4 0
qualflare-cli/internal/adapters/http/client.go:148.50,150.3 1 0
qualflare-cli/internal/adapters/http/client.go:152.2,153.16 2 0
qualflare-cli/internal/adapters/http/client.go:153.16,160.3 1 0
qualflare-cli/internal/adapters/http/client.go:161.2,166.53 3 0
qualflare-cli/internal/adapters/http/client.go:166.53,168.3 1 0
qualflare-cli/internal/adapters/http/client.go:170.2,177.82 3 0
qualflare-cli/internal/adapters/http/client.go:177.82,179.3 1 0
qualflare-cli/internal/adapters/http/client.go:179.8,181.3 1 0
qualflare-cli/internal/adapters/http/client.go:184.2,184.25 1 0
qualflare-cli/internal/adapters/http/client.go:185.34,188.69 2 0
qualflare-cli/internal/adapters/http/client.go:188.69,189.60 1 0
qualflare-cli/internal/adapters/http/client.go:189.60,191.5 1 0
qualflare-cli/internal/adapters/http/client.go:191.10,191.63 1 0
qualflare-cli/internal/adapters/http/client.go:191.63,193.5 1 0
qualflare-cli/internal/adapters/http/client.go:195.87,196.26 1 0
qualflare-cli/internal/adapters/http/client.go:197.38,198.26 1 0
qualflare-cli/internal/adapters/http/client.go:199.10,200.27 1 0
qualflare-cli/internal/adapters/http/client.go:203.2,203.15 1 0
qualflare-cli/internal/adapters/http/client.go:207.62,216.33 4 0
qualflare-cli/internal/adapters/http/client.go:216.33,218.3 1 0
qualflare-cli/internal/adapters/http/client.go:220.2,220.29 1 0
qualflare-cli/internal/adapters/http/client.go:233.35,234.22 1 0
qualflare-cli/internal/adapters/http/client.go:234.22,236.3 1 0
qualflare-cli/internal/adapters/http/client.go:237.2,237.18 1 0
qualflare-cli/internal/adapters/http/client.go:237.18,239.3 1 0
qualflare-cli/internal/adapters/http/client.go:240.2,240.47 1 0
qualflare-cli/internal/adapters/http/client.go:243.35,245.2 1 0
qualflare-cli/internal/adapters/http/client.go:248.39,250.2 1 0
qualflare-cli/internal/adapters/parsers/bdd/karate/karate.go:50.20,52.2 1 0
qualflare-cli/internal/adapters/parsers/bdd/karate/karate.go:55.65,62.49 3 0
qualflare-cli/internal/adapters/parsers/bdd/karate/karate.go:62.49,64.43 1 0
qualflare-cli/internal/adapters/parsers/bdd/karate/karate.go:64.43,65.47 1 0
qualflare-cli/internal/adapters/parsers/bdd/karate/karate.go:65.47,67.5 1 0
qualflare-cli/internal/adapters/parsers/bdd/karate/karate.go:70.3,72.55 3 0
qualflare-cli/internal/adapters/parsers/bdd/karate/karate.go:72.55,74.4 1 0
qualflare-cli/internal/adapters/parsers/bdd/karate/karate.go:75.3,75.35 1 0
qualflare-cli/internal/adapters/parsers/bdd/karate/karate.go:78.2,86.33 3 0
qualflare-cli/internal/adapters/parsers/bdd/karate/karate.go:86.33,87.63 1 0
qualflare-cli/internal/adapters/parsers/bdd/karate/karate.go:87.63,89.4 1 0
qualflare-cli/internal/adapters/parsers/bdd/karate/karate.go:91.3,93.51 2 0
qualflare-cli/internal/adapters/parsers/bdd/karate/karate.go:93.51,98.27 3 0
qualflare-cli/internal/adapters/parsers/bdd/karate/karate.go:99.29,100.19 1 0
qualflare-cli/internal/adapters/parsers/bdd/karate/karate.go:101.29,102.19 1 0
qualflare-cli/internal/adapters/parsers/bdd/karate/karate.go:103.30,104.20 1 0
qualflare-cli/internal/adapters/parsers/bdd/karate/karate.go:109.2,112.19 3 0
qualflare-cli/internal/adapters/parsers/bdd/karate/karate.go:116.80,128.44 4 0
qualflare-cli/internal/adapters/parsers/bdd/karate/karate.go:128.44,129.18 1 0
qualflare-cli/internal/adapters/parsers/bdd/karate/karate.go:129.18,130.12 1 0
qualflare-cli/internal/adapters/parsers/bdd/karate/karate.go:133.3,138.22 2 0
qualflare-cli/internal/adapters/parsers/bdd/karate/karate.go:139.17,140.43 1 0
qualflare-cli/internal/adapters/parsers/bdd/karate/karate.go:141.17,144.31 3 0
qualflare-cli/internal/adapters/parsers/bdd/karate/karate.go:144.31,146.5 1 0
qualflare-cli/internal/adapters/parsers/bdd/karate/karate.go:147.18,148.44 1 0
qualflare-cli/internal/adapters/parsers/bdd/karate/karate.go:149.11,150.44 1 0
qualflare-cli/internal/adapters/parsers/bdd/karate/karate.go:153.3,153.54 1 0
qualflare-cli/internal/adapters/parsers/bdd/karate/karate.go:157.2,157.22 1 0
qualflare-cli/internal/adapters/parsers/bdd/karate/karate.go:157.22,159.3 1 0
qualflare-cli/internal/adapters/parsers/bdd/karate/karate.go:159.8,159.28 1 0
qualflare-cli/internal/adapters/parsers/bdd/karate/karate.go:159.28,161.29 2 0
qualflare-cli/internal/adapters/parsers/bdd/karate/karate.go:161.29,163.30 2 0
qualflare-cli/internal/adapters/parsers/bdd/karate/karate.go:163.30,164.45 1 0
qualflare-cli/internal/adapters/parsers/bdd/karate/karate.go:164.45,166.6 1 0
qualflare-cli/internal/adapters/parsers/bdd/karate/karate.go:169.8,171.3 1 0
qualflare-cli/internal/adapters/parsers/bdd/karate/karate.go:174.2,178.17 2 0
qualflare-cli/internal/adapters/parsers/bdd/karate/karate.go:182.50,184.2 1 0
qualflare-cli/internal/adapters/parsers/bdd/karate/karate.go:187.53,189.2 1 0
qualflare-cli/internal/adapters/parsers/e2e/playwright/playwright.go:96.20,98.2 1 0
qualflare-cli/internal/adapters/parsers/e2e/playwright/playwright.go:101.65,105.48 3 0
qualflare-cli/internal/adapters/parsers/e2e/playwright/playwright.go:105.48,107.3 1 0
qualflare-cli/internal/adapters/parsers/e2e/playwright/playwright.go:109.2,117.34 2 0
qualflare-cli/internal/adapters/parsers/e2e/playwright/playwright.go:117.34,118.77 1 0
qualflare-cli/internal/adapters/parsers/e2e/playwright/playwright.go:118.77,120.4 1 0
qualflare-cli/internal/adapters/parsers/e2e/playwright/playwright.go:124.2,128.19 3 0
qualflare-cli/internal/adapters/parsers/e2e/playwright/playwright.go:132.90,133.27 1 0
qualflare-cli/internal/adapters/parsers/e2e/playwright/playwright.go:133.27,135.19 2 0
qualflare-cli/internal/adapters/parsers/e2e/playwright/playwright.go:135.19,137.4 1 0
qualflare-cli/internal/adapters/parsers/e2e/playwright/playwright.go:140.3,140.32 1 0
qualflare-cli/internal/adapters/parsers/e2e/playwright/playwright.go:140.32,141.36 1 0
qualflare-cli/internal/adapters/parsers/e2e/playwright/playwright.go:141.36,146.28 3 0
qualflare-cli/internal/adapters/parsers/e2e/playwright/playwright.go:147.30,148.26 1 0
qualflare-cli/internal/adapters/parsers/e2e/playwright/playwright.go:149.30,150.26 1 0
qualflare-cli/internal/adapters/parsers/e2e/playwright/playwright.go:151.31,152.27 1 0
qualflare-cli/internal/adapters/parsers/e2e/playwright/playwright.go:158.3,158.24 1 0
qualflare-cli/internal/adapters/parsers/e2e/playwright/playwright.go:158.24,160.4 1 0
qualflare-cli/internal/adapters/parsers/e2e/playwright/playwright.go:165.92,167.18 2 0
qualflare-cli/internal/adapters/parsers/e2e/playwright/playwright.go:167.18,169.3 1 0
qualflare-cli/internal/adapters/parsers/e2e/playwright/playwright.go:171.2,179.27 2 0
qualflare-cli/internal/adapters/parsers/e2e/playwright/playwright.go:179.27,184.28 3 0
qualflare-cli/internal/adapters/parsers/e2e/playwright/playwright.go:185.17,186.41 1 0
qualflare-cli/internal/adapters/parsers/e2e/playwright/playwright.go:187.29,189.31 2 0
qualflare-cli/internal/adapters/parsers/e2e/playwright/playwright.go:189.31,192.5 2 0
qualflare-cli/internal/adapters/parsers/e2e/playwright/playwright.go:193.18,194.42 1 0
qualflare-cli/internal/adapters/parsers/e2e/playwright/playwright.go:195.11,196.41 1 0
qualflare-cli/internal/adapters/parsers/e2e/playwright/playwright.go:200.3,200.38 1 0
qualflare-cli/internal/adapters/parsers/e2e/playwright/playwright.go:200.38,202.47 2 0
qualflare-cli/internal/adapters/parsers/e2e/playwright/playwright.go:202.47,208.5 1 0
qualflare-cli/internal/adapters/parsers/e2e/playwright/playwright.go:210.8,212.22 1 0
qualflare-cli/internal/adapters/parsers/e2e/playwright/playwright.go:213.19,214.41 1 0
qualflare-cli/internal/adapters/parsers/e2e/playwright/playwright.go:215.21,216.41 1 0
qualflare-cli/internal/adapters/parsers/e2e/playwright/playwright.go:217.18,218.42 1 0
qualflare-cli/internal/adapters/parsers/e2e/playwright/playwright.go:219.11,220.41 1 0
qualflare-cli/internal/adapters/parsers/e2e/playwright/playwright.go:225.2,231.39 2 0
qualflare-cli/internal/adapters/parsers/e2e/playwright/playwright.go:231.39,232.21 1 0
qualflare-cli/internal/adapters/parsers/e2e/playwright/playwright.go:232.21,234.4 1 0
qualflare-cli/internal/adapters/parsers/e2e/playwright/playwright.go:237.2,237.17 1 0
qualflare-cli/internal/adapters/parsers/e2e/playwright/playwright.go:241.50,243.2 1 0
qualflare-cli/internal/adapters/parsers/e2e/playwright/playwright.go:246.53,248.2 1 0
qualflare-cli/internal/adapters/parsers/e2e/testcafe/testcafe.go:73.20,75.2 1 0
qualflare-cli/internal/adapters/parsers/e2e/testcafe/testcafe.go:78.65,82.48 3 0
qualflare-cli/internal/adapters/parsers/e2e/testcafe/testcafe.go:82.48,84.3 1 0
qualflare-cli/internal/adapters/parsers/e2e/testcafe/testcafe.go:86.2,98.28 2 0
qualflare-cli/internal/adapters/parsers/e2e/testcafe/testcafe.go:98.28,99.71 1 0
qualflare-cli/internal/adapters/parsers/e2e/testcafe/testcafe.go:99.71,101.4 1 0
qualflare-cli/internal/adapters/parsers/e2e/testcafe/testcafe.go:105.2,105.42 1 0
qualflare-cli/internal/adapters/parsers/e2e/testcafe/testcafe.go:105.42,106.38 1 0
qualflare-cli/internal/adapters/parsers/e2e/testcafe/testcafe.go:106.38,109.4 2 0
qualflare-cli/internal/adapters/parsers/e2e/testcafe/testcafe.go:112.2,112.19 1 0
qualflare-cli/internal/adapters/parsers/e2e/testcafe/testcafe.go:116.70,125.18 2 0
qualflare-cli/internal/adapters/parsers/e2e/testcafe/testcafe.go:125.18,127.3 1 0
qualflare-cli/internal/adapters/parsers/e2e/testcafe/testcafe.go:127.8,127.31 1 0
qualflare-cli/internal/adapters/parsers/e2e/testcafe/testcafe.go:127.31,130.25 2 0
qualflare-cli/internal/adapters/parsers/e2e/testcafe/testcafe.go:130.25,134.4 3 0
qualflare-cli/internal/adapters/parsers/e2e/testcafe/testcafe.go:135.8,137.3 1 0
qualflare-cli/internal/adapters/parsers/e2e/testcafe/testcafe.go:140.2,146.33 2 0
qualflare-cli/internal/adapters/parsers/e2e/testcafe/testcafe.go:146.33,148.3 1 0
qualflare-cli/internal/adapters/parsers/e2e/testcafe/testcafe.go:151.2,151.30 1 0
qualflare-cli/internal/adapters/parsers/e2e/testcafe/testcafe.go:151.30,153.3 1 0
qualflare-cli/internal/adapters/parsers/e2e/testcafe/testcafe.go:156.2,156.38 1 0
qualflare-cli/internal/adapters/parsers/e2e/testcafe/testcafe.go:156.38,158.3 1 0
qualflare-cli/internal/adapters/parsers/e2e/testcafe/testcafe.go:161.2,161.31 1 0
qualflare-cli/internal/adapters/parsers/e2e/testcafe/testcafe.go:161.31,163.39 2 0
qualflare-cli/internal/adapters/parsers/e2e/testcafe/testcafe.go:163.39,169.4 1 0
qualflare-cli/internal/adapters/parsers/e2e/testcafe/testcafe.go:173.2,173.32 1 0
qualflare-cli/internal/adapters/parsers/e2e/testcafe/testcafe.go:173.32,174.34 1 0
qualflare-cli/internal/adapters/parsers/e2e/testcafe/testcafe.go:174.34,176.4 1 0
qualflare-cli/internal/adapters/parsers/e2e/testcafe/testcafe.go:177.3,181.5 1 0
qualflare-cli/internal/adapters/parsers/e2e/testcafe/testcafe.go:185.2,185.19 1 0
qualflare-cli/internal/adapters/parsers/e2e/testcafe/testcafe.go:185.19,187.3 1 0
qualflare-cli/internal/adapters/parsers/e2e/testcafe/testcafe.go:189.2,189.17 1 0
qualflare-cli/internal/adapters/parsers/e2e/testcafe/testcafe.go:193.50,195.2 1 0
qualflare-cli/internal/adapters/parsers/e2e/testcafe/testcafe.go:198.53,200.2 1 0
qualflare-cli/internal/adapters/parsers/factory/factory.go:49.40,84.2 21 0
qualflare-cli/internal/adapters/parsers/factory/factory.go:87.61,89.2 1 0
qualflare-cli/internal/adapters/parsers/factory/factory.go:92.85,94.13 2 0
qualflare-cli/internal/adapters/parsers/factory/factory.go:94.13,96.3 1 0
qualflare-cli/internal/adapters/parsers/factory/factory.go:97.2,97.20 1 0
qualflare-cli/internal/adapters/parsers/factory/factory.go:101.69,103.35 2 0
qualflare-cli/internal/adapters/parsers/factory/factory.go:103.35,105.3 1 0
qualflare-cli/internal/adapters/parsers/factory/factory.go:106.2,106.19 1 0
qualflare-cli/internal/adapters/parsers/factory/factory.go:110.84,115.9 3 0
qualflare-cli/internal/adapters/parsers/factory/factory.go:117.39,118.36 1 0
qualflare-cli/internal/adapters/parsers/factory/factory.go:119.38,120.35 1 0
qualflare-cli/internal/adapters/parsers/factory/factory.go:121.72,122.34 1 0
qualflare-cli/internal/adapters/parsers/factory/factory.go:123.39,124.40 1 0
qualflare-cli/internal/adapters/parsers/factory/factory.go:127.44,128.41 1 0
qualflare-cli/internal/adapters/parsers/factory/factory.go:129.82,130.38 1 0
qualflare-cli/internal/adapters/parsers/factory/factory.go:131.42,132.39 1 0
qualflare-cli/internal/adapters/parsers/factory/factory.go:133.81,134.39 1 0
qualflare-cli/internal/adapters/parsers/factory/factory.go:137.77,138.37 1 0
qualflare-cli/internal/adapters/parsers/factory/factory.go:139.36,140.33 1 0
qualflare-cli/internal/adapters/parsers/factory/factory.go:141.40,142.37 1 0
qualflare-cli/internal/adapters/parsers/factory/factory.go:145.79,146.39 1 0
qualflare-cli/internal/adapters/parsers/factory/factory.go:149.38,150.35 1 0
qualflare-cli/internal/adapters/parsers/factory/factory.go:151.39,152.36 1 0
qualflare-cli/internal/adapters/parsers/factory/factory.go:153.39,154.36 1 0
qualflare-cli/internal/adapters/parsers/factory/factory.go:155.41,156.38 1 0
qualflare-cli/internal/adapters/parsers/factory/factory.go:157.76,158.37 1 0
qualflare-cli/internal/adapters/parsers/factory/factory.go:159.112,160.37 1 0
qualflare-cli/internal/adapters/parsers/factory/factory.go:163.21,164.36 1 0
qualflare-cli/internal/adapters/parsers/factory/factory.go:165.22,167.39 1 0
qualflare-cli/internal/adapters/parsers/factory/factory.go:170.2,170.76 1 0
qualflare-cli/internal/adapters/parsers/factory/factory.go:174.111,178.20 2 0
qualflare-cli/internal/adapters/parsers/factory/factory.go:178.20,180.17 2 0
qualflare-cli/internal/adapters/parsers/factory/factory.go:180.17,182.4 1 0
qualflare-cli/internal/adapters/parsers/factory/factory.go:183.8,183.26 1 0
qualflare-cli/internal/adapters/parsers/factory/factory.go:183.26,185.17 2 0
qualflare-cli/internal/adapters/parsers/factory/factory.go:185.17,187.4 1 0
qualflare-cli/internal/adapters/parsers/factory/factory.go:191.2,191.36 1 0
qualflare-cli/internal/adapters/parsers/factory/factory.go:195.87,198.55 2 0
qualflare-cli/internal/adapters/parsers/factory/factory.go:198.55,200.3 1 0
qualflare-cli/internal/adapters/parsers/factory/factory.go:202.2,202.26 1 0
qualflare-cli/internal/adapters/parsers/factory/factory.go:203.21,205.17 1 0
qualflare-cli/internal/adapters/parsers/factory/factory.go:205.17,206.52 1 0
qualflare-cli/internal/adapters/parsers/factory/factory.go:206.52,208.5 1 0
qualflare-cli/internal/adapters/parsers/factory/factory.go:210.30,211.47 1 0
qualflare-cli/internal/adapters/parsers/factory/factory.go:214.2,214.71 1 0
qualflare-cli/internal/adapters/parsers/factory/factory.go:218.119,220.37 1 0
qualflare-cli/internal/adapters/parsers/factory/factory.go:220.37,222.3 1 0
qualflare-cli/internal/adapters/parsers/factory/factory.go:223.2,223.39 1 0
qualflare-cli/internal/adapters/parsers/factory/factory.go:223.39,225.3 1 0
qualflare-cli/internal/adapters/parsers/factory/factory.go:228.2,228.32 1 0
qualflare-cli/internal/adapters/parsers/factory/factory.go:228.32,229.33 1 0
qualflare-cli/internal/adapters/parsers/factory/factory.go:229.33,231.4 1 0
qualflare-cli/internal/adapters/parsers/factory/factory.go:235.2,235.31 1 0
qualflare-cli/internal/adapters/parsers/factory/factory.go:235.31,236.34 1 0
qualflare-cli/internal/adapters/parsers/factory/factory.go:236.34,238.4 1 0
qualflare-cli/internal/adapters/parsers/factory/factory.go:242.2,242.36 1 0
qualflare-cli/internal/adapters/parsers/factory/factory.go:242.36,244.3 1 0
qualflare-cli/internal/adapters/parsers/factory/factory.go:245.2,245.29 1 0
qualflare-cli/internal/adapters/parsers/factory/factory.go:245.29,246.37 1 0
qualflare-cli/internal/adapters/parsers/factory/factory.go:246.37,248.4 1 0
qualflare-cli/internal/adapters/parsers/factory/factory.go:252.2,252.33 1 0
qualflare-cli/internal/adapters/parsers/factory/factory.go:252.33,253.37 1 0
qualflare-cli/internal/adapters/parsers/factory/factory.go:253.37,255.4 1 0
qualflare-cli/internal/adapters/parsers/factory/factory.go:259.2,259.33 1 0
qualflare-cli/internal/adapters/parsers/factory/factory.go:259.33,260.40 1 0
qualflare-cli/internal/adapters/parsers/factory/factory.go:260.40,262.4 1 0
qualflare-cli/internal/adapters/parsers/factory/factory.go:264.2,264.41 1 0
qualflare-cli/internal/adapters/parsers/factory/factory.go:264.41,266.3 1 0
qualflare-cli/internal/adapters/parsers/factory/factory.go:269.2,269.41 1 0
qualflare-cli/internal/adapters/parsers/factory/factory.go:269.41,270.38 1 0
qualflare-cli/internal/adapters/parsers/factory/factory.go:270.38,272.4 1 0
qualflare-cli/internal/adapters/parsers/factory/factory.go:276.2,276.30 1 0
qualflare-cli/internal/adapters/parsers/factory/factory.go:276.30,277.35 1 0
qualflare-cli/internal/adapters/parsers/factory/factory.go:277.35,279.4 1 0
qualflare-cli/internal/adapters/parsers/factory/factory.go:283.2,283.32 1 0
qualflare-cli/internal/adapters/parsers/factory/factory.go:283.32,284.33 1 0
qualflare-cli/internal/adapters/parsers/factory/factory.go:284.33,286.4 1 0
qualflare-cli/internal/adapters/parsers/factory/factory.go:290.2,290.32 1 0
qualflare-cli/internal/adapters/parsers/factory/factory.go:290.32,291.34 1 0
qualflare-cli/internal/adapters/parsers/factory/factory.go:291.34,293.4 1 0
qualflare-cli/internal/adapters/parsers/factory/factory.go:297.2,297.34 1 0
qualflare-cli/internal/adapters/parsers/factory/factory.go:297.34,299.3 1 0
qualflare-cli/internal/adapters/parsers/factory/factory.go:302.2,302.13 1 0
qualflare-cli/internal/adapters/parsers/factory/factory.go:302.13,303.35 1 0
qualflare-cli/internal/adapters/parsers/factory/factory.go:303.35,304.35 1 0
qualflare-cli/internal/adapters/parsers/factory/factory.go:304.35,306.5 1 0
qualflare-cli/internal/adapters/parsers/factory/factory.go:309.3,309.42 1 0
qualflare-cli/internal/adapters/parsers/factory/factory.go:309.42,311.4 1 0
qualflare-cli/internal/adapters/parsers/factory/factory.go:315.2,315.34 1 0
qualflare-cli/internal/adapters/parsers/factory/factory.go:315.34,317.3 1 0
qualflare-cli/internal/adapters/parsers/factory/factory.go:320.2,320.31 1 0
qualflare-cli/internal/adapters/parsers/factory/factory.go:320.31,321.32 1 0
qualflare-cli/internal/adapters/parsers/factory/factory.go:321.32,323.4 1 0
qualflare-cli/internal/adapters/parsers/factory/factory.go:326.2,326.70 1 0
qualflare-cli/internal/adapters/parsers/factory/factory.go:330.86,335.47 2 0
qualflare-cli/internal/adapters/parsers/factory/factory.go:335.47,337.14 2 0
qualflare-cli/internal/adapters/parsers/factory/factory.go:337.14,339.4 1 0
qualflare-cli/internal/adapters/parsers/factory/factory.go:343.2,343.103 1 0
qualflare-cli/internal/adapters/parsers/factory/factory.go:343.103,346.48 1 0
qualflare-cli/internal/adapters/parsers/factory/factory.go:346.48,348.4 1 0
qualflare-cli/internal/adapters/parsers/factory/factory.go:349.3,349.36 1 0
qualflare-cli/internal/adapters/parsers/factory/factory.go:353.2,353.57 1 0
qualflare-cli/internal/adapters/parsers/factory/factory.go:353.57,355.3 1 0
qualflare-cli/internal/adapters/parsers/factory/factory.go:357.2,357.70 1 0
qualflare-cli/internal/adapters/parsers/security/sonarqube/sonarqube.go:99.20,101.2 1 0
qualflare-cli/internal/adapters/parsers/security/sonarqube/sonarqube.go:104.65,108.48 3 0
qualflare-cli/internal/adapters/parsers/security/sonarqube/sonarqube.go:108.48,110.3 1 0
qualflare-cli/internal/adapters/parsers/security/sonarqube/sonarqube.go:112.2,120.41 3 0
qualflare-cli/internal/adapters/parsers/security/sonarqube/sonarqube.go:120.41,122.3 1 0
qualflare-cli/internal/adapters/parsers/security/sonarqube/sonarqube.go:125.2,126.36 2 0
qualflare-cli/internal/adapters/parsers/security/sonarqube/sonarqube.go:126.36,128.3 1 0
qualflare-cli/internal/adapters/parsers/security/sonarqube/sonarqube.go:131.2,131.38 1 0
qualflare-cli/internal/adapters/parsers/security/sonarqube/sonarqube.go:131.38,136.25 3 0
qualflare-cli/internal/adapters/parsers/security/sonarqube/sonarqube.go:137.30,138.18 1 0
qualflare-cli/internal/adapters/parsers/security/sonarqube/sonarqube.go:139.16,140.18 1 0
qualflare-cli/internal/adapters/parsers/security/sonarqube/sonarqube.go:141.24,142.18 1 0
qualflare-cli/internal/adapters/parsers/security/sonarqube/sonarqube.go:143.11,144.18 1 0
qualflare-cli/internal/adapters/parsers/security/sonarqube/sonarqube.go:148.2,156.19 3 0
qualflare-cli/internal/adapters/parsers/security/sonarqube/sonarqube.go:160.112,163.49 2 0
qualflare-cli/internal/adapters/parsers/security/sonarqube/sonarqube.go:163.49,165.3 1 0
qualflare-cli/internal/adapters/parsers/security/sonarqube/sonarqube.go:168.2,169.39 2 0
qualflare-cli/internal/adapters/parsers/security/sonarqube/sonarqube.go:169.39,171.3 1 0
qualflare-cli/internal/adapters/parsers/security/sonarqube/sonarqube.go:173.2,180.24 2 0
qualflare-cli/internal/adapters/parsers/security/sonarqube/sonarqube.go:181.38,182.40 1 0
qualflare-cli/internal/adapters/parsers/security/sonarqube/sonarqube.go:183.23,184.40 1 0
qualflare-cli/internal/adapters/parsers/security/sonarqube/sonarqube.go:185.10,186.40 1 0
qualflare-cli/internal/adapters/parsers/security/sonarqube/sonarqube.go:189.2,192.28 2 0
qualflare-cli/internal/adapters/parsers/security/sonarqube/sonarqube.go:192.28,194.3 1 0
qualflare-cli/internal/adapters/parsers/security/sonarqube/sonarqube.go:194.8,194.27 1 0
qualflare-cli/internal/adapters/parsers/security/sonarqube/sonarqube.go:194.27,196.3 1 0
qualflare-cli/internal/adapters/parsers/security/sonarqube/sonarqube.go:199.2,218.20 3 0
qualflare-cli/internal/adapters/parsers/security/sonarqube/sonarqube.go:218.20,220.3 1 0
qualflare-cli/internal/adapters/parsers/security/sonarqube/sonarqube.go:222.2,222.26 1 0
qualflare-cli/internal/adapters/parsers/security/sonarqube/sonarqube.go:222.26,224.3 1 0
qualflare-cli/internal/adapters/parsers/security/sonarqube/sonarqube.go:226.2,226.17 1 0
qualflare-cli/internal/adapters/parsers/security/sonarqube/sonarqube.go:230.50,232.2 1 0
qualflare-cli/internal/adapters/parsers/security/sonarqube/sonarqube.go:235.53,237.2 1 0
qualflare-cli/internal/adapters/parsers/e2e/selenium/selenium.go:67.20,69.2 1 0
qualflare-cli/internal/adapters/parsers/e2e/selenium/selenium.go:72.65,76.48 3 0
qualflare-cli/internal/adapters/parsers/e2e/selenium/selenium.go:76.48,78.3 1 0
qualflare-cli/internal/adapters/parsers/e2e/selenium/selenium.go:80.2,92.28 2 0
qualflare-cli/internal/adapters/parsers/e2e/selenium/selenium.go:92.28,93.71 1 0
qualflare-cli/internal/adapters/parsers/e2e/selenium/selenium.go:93.71,95.4 1 0
qualflare-cli/internal/adapters/parsers/e2e/selenium/selenium.go:99.2,100.26 2 0
qualflare-cli/internal/adapters/parsers/e2e/selenium/selenium.go:100.26,102.3 1 0
qualflare-cli/internal/adapters/parsers/e2e/selenium/selenium.go:103.2,103.27 1 0
qualflare-cli/internal/adapters/parsers/e2e/selenium/selenium.go:103.27,105.3 1 0
qualflare-cli/internal/adapters/parsers/e2e/selenium/selenium.go:108.2,108.34 1 0
qualflare-cli/internal/adapters/parsers/e2e/selenium/selenium.go:108.34,109.32 1 0
qualflare-cli/internal/adapters/parsers/e2e/selenium/selenium.go:109.32,112.4 2 0
qualflare-cli/internal/adapters/parsers/e2e/selenium/selenium.go:116.2,116.27 1 0
qualflare-cli/internal/adapters/parsers/e2e/selenium/selenium.go:116.27,118.33 2 0
qualflare-cli/internal/adapters/parsers/e2e/selenium/selenium.go:118.33,119.20 1 0
qualflare-cli/internal/adapters/parsers/e2e/selenium/selenium.go:120.29,121.19 1 0
qualflare-cli/internal/adapters/parsers/e2e/selenium/selenium.go:122.29,123.19 1 0
qualflare-cli/internal/adapters/parsers/e2e/selenium/selenium.go:124.30,125.20 1 0
qualflare-cli/internal/adapters/parsers/e2e/selenium/selenium.go:130.2,130.19 1 0
qualflare-cli/internal/adapters/parsers/e2e/selenium/selenium.go:134.71,143.21 2 0
qualflare-cli/internal/adapters/parsers/e2e/selenium/selenium.go:144.45,145.40 1 0
qualflare-cli/internal/adapters/parsers/e2e/selenium/selenium.go:146.45,148.24 2 0
qualflare-cli/internal/adapters/parsers/e2e/selenium/selenium.go:148.24,152.4 3 0
qualflare-cli/internal/adapters/parsers/e2e/selenium/selenium.go:153.47,154.41 1 0
qualflare-cli/internal/adapters/parsers/e2e/selenium/selenium.go:155.24,157.24 2 0
qualflare-cli/internal/adapters/parsers/e2e/selenium/selenium.go:157.24,161.4 3 0
qualflare-cli/internal/adapters/parsers/e2e/selenium/selenium.go:162.10,163.40 1 0
qualflare-cli/internal/adapters/parsers/e2e/selenium/selenium.go:167.2,170.24 2 0
qualflare-cli/internal/adapters/parsers/e2e/selenium/selenium.go:170.24,172.3 1 0
qualflare-cli/internal/adapters/parsers/e2e/selenium/selenium.go:175.2,175.31 1 0
qualflare-cli/internal/adapters/parsers/e2e/selenium/selenium.go:175.31,177.39 2 0
qualflare-cli/internal/adapters/parsers/e2e/selenium/selenium.go:177.39,183.4 1 0
qualflare-cli/internal/adapters/parsers/e2e/selenium/selenium.go:186.2,186.17 1 0
qualflare-cli/internal/adapters/parsers/e2e/selenium/selenium.go:190.50,192.2 1 0
qualflare-cli/internal/adapters/parsers/e2e/selenium/selenium.go:195.53,197.2 1 0
qualflare-cli/internal/adapters/parsers/security/snyk/snyk.go:104.20,106.2 1 0
qualflare-cli/internal/adapters/parsers/security/snyk/snyk.go:109.65,113.48 3 0
qualflare-cli/internal/adapters/parsers/security/snyk/snyk.go:113.48,115.3 1 0
qualflare-cli/internal/adapters/parsers/security/snyk/snyk.go:117.2,124.46 2 0
qualflare-cli/internal/adapters/parsers/security/snyk/snyk.go:124.46,129.24 3 0
qualflare-cli/internal/adapters/parsers/security/snyk/snyk.go:130.27,131.18 1 0
qualflare-cli/internal/adapters/parsers/security/snyk/snyk.go:132.17,133.18 1 0
qualflare-cli/internal/adapters/parsers/security/snyk/snyk.go:134.11,135.18 1 0
qualflare-cli/internal/adapters/parsers/security/snyk/snyk.go:139.2,150.19 3 0
qualflare-cli/internal/adapters/parsers/security/snyk/snyk.go:154.71,162.23 2 0
qualflare-cli/internal/adapters/parsers/security/snyk/snyk.go:163.36,164.40 1 0
qualflare-cli/internal/adapters/parsers/security/snyk/snyk.go:165.13,166.40 1 0
qualflare-cli/internal/adapters/parsers/security/snyk/snyk.go:167.10,168.40 1 0
qualflare-cli/internal/adapters/parsers/security/snyk/snyk.go:171.2,180.43 4 0
qualflare-cli/internal/adapters/parsers/security/snyk/snyk.go:180.43,182.3 1 0
qualflare-cli/internal/adapters/parsers/security/snyk/snyk.go:183.2,183.43 1 0
qualflare-cli/internal/adapters/parsers/security/snyk/snyk.go:183.43,185.3 1 0
qualflare-cli/internal/adapters/parsers/security/snyk/snyk.go:188.2,199.27 2 0
qualflare-cli/internal/adapters/parsers/security/snyk/snyk.go:199.27,201.3 1 0
qualflare-cli/internal/adapters/parsers/security/snyk/snyk.go:203.2,203.24 1 0
qualflare-cli/internal/adapters/parsers/security/snyk/snyk.go:203.24,205.3 1 0
qualflare-cli/internal/adapters/parsers/security/snyk/snyk.go:207.2,207.17 1 0
qualflare-cli/internal/adapters/parsers/security/snyk/snyk.go:211.50,213.2 1 0
qualflare-cli/internal/adapters/parsers/security/snyk/snyk.go:216.53,218.2 1 0
qualflare-cli/internal/adapters/parsers/security/trivy/trivy.go:95.20,97.2 1 0
qualflare-cli/internal/adapters/parsers/security/trivy/trivy.go:100.65,104.48 3 0
qualflare-cli/internal/adapters/parsers/security/trivy/trivy.go:104.48,106.3 1 0
qualflare-cli/internal/adapters/parsers/security/trivy/trivy.go:108.2,115.40 2 0
qualflare-cli/internal/adapters/parsers/security/trivy/trivy.go:115.40,117.47 1 0
qualflare-cli/internal/adapters/parsers/security/trivy/trivy.go:117.47,122.25 3 0
qualflare-cli/internal/adapters/parsers/security/trivy/trivy.go:123.28,124.19 1 0
qualflare-cli/internal/adapters/parsers/security/trivy/trivy.go:125.18,126.19 1 0
qualflare-cli/internal/adapters/parsers/security/trivy/trivy.go:127.12,128.19 1 0
qualflare-cli/internal/adapters/parsers/security/trivy/trivy.go:133.3,133.52 1 0
qualflare-cli/internal/adapters/parsers/security/trivy/trivy.go:133.52,137.32 3 0
qualflare-cli/internal/adapters/parsers/security/trivy/trivy.go:137.32,139.5 1 0
qualflare-cli/internal/adapters/parsers/security/trivy/trivy.go:139.10,141.5 1 0
qualflare-cli/internal/adapters/parsers/security/trivy/trivy.go:145.2,153.19 3 0
qualflare-cli/internal/adapters/parsers/security/trivy/trivy.go:157.86,165.23 2 0
qualflare-cli/internal/adapters/parsers/security/trivy/trivy.go:166.36,167.40 1 0
qualflare-cli/internal/adapters/parsers/security/trivy/trivy.go:168.24,169.40 1 0
qualflare-cli/internal/adapters/parsers/security/trivy/trivy.go:170.10,171.40 1 0
qualflare-cli/internal/adapters/parsers/security/trivy/trivy.go:174.2,175.28 2 0
qualflare-cli/internal/adapters/parsers/security/trivy/trivy.go:175.28,177.3 1 0
qualflare-cli/internal/adapters/parsers/security/trivy/trivy.go:180.2,184.34 2 0
qualflare-cli/internal/adapters/parsers/security/trivy/trivy.go:184.34,186.3 1 0
qualflare-cli/internal/adapters/parsers/security/trivy/trivy.go:189.2,198.38 2 0
qualflare-cli/internal/adapters/parsers/security/trivy/trivy.go:198.38,199.23 1 0
qualflare-cli/internal/adapters/parsers/security/trivy/trivy.go:199.23,201.4 1 0
qualflare-cli/internal/adapters/parsers/security/trivy/trivy.go:204.2,204.17 1 0
qualflare-cli/internal/adapters/parsers/security/trivy/trivy.go:208.81,215.30 2 0
qualflare-cli/internal/adapters/parsers/security/trivy/trivy.go:215.30,219.3 3 0
qualflare-cli/internal/adapters/parsers/security/trivy/trivy.go:219.8,221.3 1 0
qualflare-cli/internal/adapters/parsers/security/trivy/trivy.go:223.2,236.17 3 0
qualflare-cli/internal/adapters/parsers/security/trivy/trivy.go:240.50,242.2 1 0
qualflare-cli/internal/adapters/parsers/security/trivy/trivy.go:245.53,247.2 1 0
qualflare-cli/internal/adapters/parsers/security/zap/zap.go:61.20,63.2 1 0
qualflare-cli/internal/adapters/parsers/security/zap/zap.go:66.65,70.48 3 0
qualflare-cli/internal/adapters/parsers/security/zap/zap.go:70.48,72.3 1 0
qualflare-cli/internal/adapters/parsers/security/zap/zap.go:74.2,81.28 2 0
qualflare-cli/internal/adapters/parsers/security/zap/zap.go:81.28,82.86 1 0
qualflare-cli/internal/adapters/parsers/security/zap/zap.go:82.86,84.4 1 0
qualflare-cli/internal/adapters/parsers/security/zap/zap.go:88.2,88.35 1 0
qualflare-cli/internal/adapters/parsers/security/zap/zap.go:88.35,89.37 1 0
qualflare-cli/internal/adapters/parsers/security/zap/zap.go:89.37,95.20 4 0
qualflare-cli/internal/adapters/parsers/security/zap/zap.go:96.11,97.19 1 0
qualflare-cli/internal/adapters/parsers/security/zap/zap.go:98.11,99.19 1 0
qualflare-cli/internal/adapters/parsers/security/zap/zap.go:100.11,101.19 1 0
qualflare-cli/internal/adapters/parsers/security/zap/zap.go:102.12,103.19 1 0
qualflare-cli/internal/adapters/parsers/security/zap/zap.go:108.2,115.19 3 0
qualflare-cli/internal/adapters/parsers/security/zap/zap.go:119.67,130.18 4 0
qualflare-cli/internal/adapters/parsers/security/zap/zap.go:131.12,132.40 1 0
qualflare-cli/internal/adapters/parsers/security/zap/zap.go:133.9,134.40 1 0
qualflare-cli/internal/adapters/parsers/security/zap/zap.go:135.10,136.40 1 0
qualflare-cli/internal/adapters/parsers/security/zap/zap.go:139.2,147.45 4 0
qualflare-cli/internal/adapters/parsers/security/zap/zap.go:147.45,149.3 1 0
qualflare-cli/internal/adapters/parsers/security/zap/zap.go:150.2,150.47 1 0
qualflare-cli/internal/adapters/parsers/security/zap/zap.go:150.47,152.3 1 0
qualflare-cli/internal/adapters/parsers/security/zap/zap.go:155.2,168.57 2 0
qualflare-cli/internal/adapters/parsers/security/zap/zap.go:168.57,170.3 1 0
qualflare-cli/internal/adapters/parsers/security/zap/zap.go:173.2,173.30 1 0
qualflare-cli/internal/adapters/parsers/security/zap/zap.go:173.30,176.3 2 0
qualflare-cli/internal/adapters/parsers/security/zap/zap.go:178.2,178.17 1 0
qualflare-cli/internal/adapters/parsers/security/zap/zap.go:182.52,183.18 1 0
qualflare-cli/internal/adapters/parsers/security/zap/zap.go:184.9,185.16 1 0
qualflare-cli/internal/adapters/parsers/security/zap/zap.go:186.9,187.18 1 0
qualflare-cli/internal/adapters/parsers/security/zap/zap.go:188.9,189.15 1 0
qualflare-cli/internal/adapters/parsers/security/zap/zap.go:190.10,191.25 1 0
qualflare-cli/internal/adapters/parsers/security/zap/zap.go:196.50,198.2 1 0
qualflare-cli/internal/adapters/parsers/security/zap/zap.go:201.53,203.2 1 0
qualflare-cli/internal/adapters/parsers/unit/mocha/mocha.go:53.20,55.2 1 0
qualflare-cli/internal/adapters/parsers/unit/mocha/mocha.go:58.65,62.48 3 0
qualflare-cli/internal/adapters/parsers/unit/mocha/mocha.go:62.48,64.3 1 0
qualflare-cli/internal/adapters/parsers/unit/mocha/mocha.go:66.2,78.30 2 0
qualflare-cli/internal/adapters/parsers/unit/mocha/mocha.go:78.30,79.73 1 0
qualflare-cli/internal/adapters/parsers/unit/mocha/mocha.go:79.73,81.4 1 0
qualflare-cli/internal/adapters/parsers/unit/mocha/mocha.go:85.2,85.37 1 0
qualflare-cli/internal/adapters/parsers/unit/mocha/mocha.go:85.37,88.3 2 0
qualflare-cli/internal/adapters/parsers/unit/mocha/mocha.go:91.2,91.39 1 0
qualflare-cli/internal/adapters/parsers/unit/mocha/mocha.go:91.39,94.3 2 0
qualflare-cli/internal/adapters/parsers/unit/mocha/mocha.go:97.2,97.38 1 0
qualflare-cli/internal/adapters/parsers/unit/mocha/mocha.go:97.38,100.3 2 0
qualflare-cli/internal/adapters/parsers/unit/mocha/mocha.go:102.2,102.19 1 0
qualflare-cli/internal/adapters/parsers/unit/mocha/mocha.go:106.75,116.61 2 0
qualflare-cli/internal/adapters/parsers/unit/mocha/mocha.go:116.61,119.3 2 0
qualflare-cli/internal/adapters/parsers/unit/mocha/mocha.go:122.2,122.21 1 0
qualflare-cli/internal/adapters/parsers/unit/mocha/mocha.go:122.21,127.3 1 0
qualflare-cli/internal/adapters/parsers/unit/mocha/mocha.go:129.2,129.17 1 0
qualflare-cli/internal/adapters/parsers/unit/mocha/mocha.go:133.50,135.2 1 0
qualflare-cli/internal/adapters/parsers/unit/mocha/mocha.go:138.53,140.2 1 0
qualflare-cli/internal/adapters/parsers/unit/jest/jest.go:53.20,55.2 1 0
qualflare-cli/internal/adapters/parsers/unit/jest/jest.go:58.65,62.48 3 0
qualflare-cli/internal/adapters/parsers/unit/jest/jest.go:62.48,64.3 1 0
qualflare-cli/internal/adapters/parsers/unit/jest/jest.go:66.2,78.48 3 0
qualflare-cli/internal/adapters/parsers/unit/jest/jest.go:78.48,83.57 3 0
qualflare-cli/internal/adapters/parsers/unit/jest/jest.go:83.57,86.4 2 0
qualflare-cli/internal/adapters/parsers/unit/jest/jest.go:89.2,92.19 3 0
qualflare-cli/internal/adapters/parsers/unit/jest/jest.go:96.85,104.31 2 0
qualflare-cli/internal/adapters/parsers/unit/jest/jest.go:104.31,106.3 1 0
qualflare-cli/internal/adapters/parsers/unit/jest/jest.go:109.2,109.26 1 0
qualflare-cli/internal/adapters/parsers/unit/jest/jest.go:110.16,111.40 1 0
qualflare-cli/internal/adapters/parsers/unit/jest/jest.go:112.16,114.41 2 0
qualflare-cli/internal/adapters/parsers/unit/jest/jest.go:114.41,116.42 2 0
qualflare-cli/internal/adapters/parsers/unit/jest/jest.go:116.42,118.5 1 0
qualflare-cli/internal/adapters/parsers/unit/jest/jest.go:120.36,121.41 1 0
qualflare-cli/internal/adapters/parsers/unit/jest/jest.go:122.10,123.40 1 0
qualflare-cli/internal/adapters/parsers/unit/jest/jest.go:127.2,127.39 1 0
qualflare-cli/internal/adapters/parsers/unit/jest/jest.go:127.39,129.3 1 0
qualflare-cli/internal/adapters/parsers/unit/jest/jest.go:132.2,132.31 1 0
qualflare-cli/internal/adapters/parsers/unit/jest/jest.go:132.31,136.3 1 0
qualflare-cli/internal/adapters/parsers/unit/jest/jest.go:138.2,138.17 1 0
qualflare-cli/internal/adapters/parsers/unit/jest/jest.go:142.50,144.2 1 0
qualflare-cli/internal/adapters/parsers/unit/jest/jest.go:147.53,149.2 1 0
qualflare-cli/internal/adapters/parsers/unit/golang/golang.go:28.20,30.2 1 0
qualflare-cli/internal/adapters/parsers/unit/golang/golang.go:33.65,48.21 7 0
qualflare-cli/internal/adapters/parsers/unit/golang/golang.go:48.21,50.36 2 0
qualflare-cli/internal/adapters/parsers/unit/golang/golang.go:50.36,51.12 1 0
qualflare-cli/internal/adapters/parsers/unit/golang/golang.go:54.3,55.62 2 0
qualflare-cli/internal/adapters/parsers/unit/golang/golang.go:55.62,56.12 1 0
qualflare-cli/internal/adapters/parsers/unit/golang/golang.go:60.3,60.23 1 0
qualflare-cli/internal/adapters/parsers/unit/golang/golang.go:60.23,61.56 1 0
qualflare-cli/internal/adapters/parsers/unit/golang/golang.go:61.56,63.5 1 0
qualflare-cli/internal/adapters/parsers/unit/golang/golang.go:64.4,64.12 1 0
qualflare-cli/internal/adapters/parsers/unit/golang/golang.go:67.3,68.40 2 0
qualflare-cli/internal/adapters/parsers/unit/golang/golang.go:72.2,72.30 1 0
qualflare-cli/internal/adapters/parsers/unit/golang/golang.go:72.30,73.25 1 0
qualflare-cli/internal/adapters/parsers/unit/golang/golang.go:73.25,74.12 1 0
qualflare-cli/internal/adapters/parsers/unit/golang/golang.go:77.3,85.19 2 0
qualflare-cli/internal/adapters/parsers/unit/golang/golang.go:85.19,89.51 3 0
qualflare-cli/internal/adapters/parsers/unit/golang/golang.go:89.51,92.5 2 0
qualflare-cli/internal/adapters/parsers/unit/golang/golang.go:95.3,98.26 2 0
qualflare-cli/internal/adapters/parsers/unit/golang/golang.go:99.28,100.18 1 0
qualflare-cli/internal/adapters/parsers/unit/golang/golang.go:101.28,102.18 1 0
qualflare-cli/internal/adapters/parsers/unit/golang/golang.go:103.29,104.19 1 0
qualflare-cli/internal/adapters/parsers/unit/golang/golang.go:108.2,111.29 3 0
qualflare-cli/internal/adapters/parsers/unit/golang/golang.go:126.93,127.22 1 0
qualflare-cli/internal/adapters/parsers/unit/golang/golang.go:128.13,133.4 1 0
qualflare-cli/internal/adapters/parsers/unit/golang/golang.go:135.14,136.45 1 0
qualflare-cli/internal/adapters/parsers/unit/golang/golang.go:136.45,139.4 2 0
qualflare-cli/internal/adapters/parsers/unit/golang/golang.go:141.14,142.45 1 0
qualflare-cli/internal/adapters/parsers/unit/golang/golang.go:142.45,146.4 3 0
qualflare-cli/internal/adapters/parsers/unit/golang/golang.go:148.14,149.45 1 0
qualflare-cli/internal/adapters/parsers/unit/golang/golang.go:149.45,152.4 2 0
qualflare-cli/internal/adapters/parsers/unit/golang/golang.go:154.16,155.45 1 0
qualflare-cli/internal/adapters/parsers/unit/golang/golang.go:155.45,157.26 1 0
qualflare-cli/internal/adapters/parsers/unit/golang/golang.go:157.26,159.5 1 0
qualflare-cli/internal/adapters/parsers/unit/golang/golang.go:165.50,167.2 1 0
qualflare-cli/internal/adapters/parsers/unit/golang/golang.go:170.53,172.2 1 0
qualflare-cli/internal/adapters/parsers/unit/junit/junit.go:67.20,69.2 1 0
qualflare-cli/internal/adapters/parsers/unit/junit/junit.go:72.65,76.52 3 0
qualflare-cli/internal/adapters/parsers/unit/junit/junit.go:76.52,78.43 1 0
qualflare-cli/internal/adapters/parsers/unit/junit/junit.go:78.43,79.47 1 0
qualflare-cli/internal/adapters/parsers/unit/junit/junit.go:79.47,81.5 1 0
qualflare-cli/internal/adapters/parsers/unit/junit/junit.go:84.3,86.54 3 0
qualflare-cli/internal/adapters/parsers/unit/junit/junit.go:86.54,88.4 1 0
qualflare-cli/internal/adapters/parsers/unit/junit/junit.go:89.3,89.51 1 0
qualflare-cli/internal/adapters/parsers/unit/junit/junit.go:93.2,93.37 1 0
qualflare-cli/internal/adapters/parsers/unit/junit/junit.go:93.37,98.3 1 0
qualflare-cli/internal/adapters/parsers/unit/junit/junit.go:102.2,102.39 1 0
qualflare-cli/internal/adapters/parsers/unit/junit/junit.go:106.67,115.51 3 0
qualflare-cli/internal/adapters/parsers/unit/junit/junit.go:115.51,117.71 1 0
qualflare-cli/internal/adapters/parsers/unit/junit/junit.go:117.71,119.4 1 0
qualflare-cli/internal/adapters/parsers/unit/junit/junit.go:122.3,122.43 1 0
qualflare-cli/internal/adapters/parsers/unit/junit/junit.go:122.43,127.27 3 0
qualflare-cli/internal/adapters/parsers/unit/junit/junit.go:128.29,129.19 1 0
qualflare-cli/internal/adapters/parsers/unit/junit/junit.go:130.29,131.19 1 0
qualflare-cli/internal/adapters/parsers/unit/junit/junit.go:132.28,133.19 1 0
qualflare-cli/internal/adapters/parsers/unit/junit/junit.go:134.30,135.20 1 0
qualflare-cli/internal/adapters/parsers/unit/junit/junit.go:140.2,143.14 3 0
qualflare-cli/internal/adapters/parsers/unit/junit/junit.go:147.77,155.62 2 0
qualflare-cli/internal/adapters/parsers/unit/junit/junit.go:155.62,157.3 1 0
qualflare-cli/internal/adapters/parsers/unit/junit/junit.go:160.2,160.23 1 0
qualflare-cli/internal/adapters/parsers/unit/junit/junit.go:160.23,165.3 4 0
qualflare-cli/internal/adapters/parsers/unit/junit/junit.go:165.8,165.28 1 0
qualflare-cli/internal/adapters/parsers/unit/junit/junit.go:165.28,170.3 4 0
qualflare-cli/internal/adapters/parsers/unit/junit/junit.go:170.8,170.30 1 0
qualflare-cli/internal/adapters/parsers/unit/junit/junit.go:170.30,173.3 2 0
qualflare-cli/internal/adapters/parsers/unit/junit/junit.go:173.8,175.3 1 0
qualflare-cli/internal/adapters/parsers/unit/junit/junit.go:178.2,178.46 1 0
qualflare-cli/internal/adapters/parsers/unit/junit/junit.go:178.46,180.25 2 0
qualflare-cli/internal/adapters/parsers/unit/junit/junit.go:180.25,182.4 1 0
qualflare-cli/internal/adapters/parsers/unit/junit/junit.go:183.3,183.25 1 0
qualflare-cli/internal/adapters/parsers/unit/junit/junit.go:183.25,185.4 1 0
qualflare-cli/internal/adapters/parsers/unit/junit/junit.go:188.2,188.17 1 0
qualflare-cli/internal/adapters/parsers/unit/junit/junit.go:192.50,194.2 1 0
qualflare-cli/internal/adapters/parsers/unit/junit/junit.go:197.53,199.2 1 0
qualflare-cli/internal/adapters/parsers/unit/pytest/pytest.go:67.20,69.2 1 0
qualflare-cli/internal/adapters/parsers/unit/pytest/pytest.go:72.65,76.51 3 0
qualflare-cli/internal/adapters/parsers/unit/pytest/pytest.go:76.51,78.3 1 0
qualflare-cli/internal/adapters/parsers/unit/pytest/pytest.go:80.2,91.69 3 0
qualflare-cli/internal/adapters/parsers/unit/pytest/pytest.go:91.69,93.3 1 0
qualflare-cli/internal/adapters/parsers/unit/pytest/pytest.go:96.2,96.35 1 0
qualflare-cli/internal/adapters/parsers/unit/pytest/pytest.go:96.35,98.45 2 0
qualflare-cli/internal/adapters/parsers/unit/pytest/pytest.go:98.45,100.4 1 0
qualflare-cli/internal/adapters/parsers/unit/pytest/pytest.go:103.2,103.41 1 0
qualflare-cli/internal/adapters/parsers/unit/pytest/pytest.go:103.41,106.3 2 0
qualflare-cli/internal/adapters/parsers/unit/pytest/pytest.go:108.2,108.19 1 0
qualflare-cli/internal/adapters/parsers/unit/pytest/pytest.go:112.59,119.62 2 0
qualflare-cli/internal/adapters/parsers/unit/pytest/pytest.go:119.62,121.3 1 0
qualflare-cli/internal/adapters/parsers/unit/pytest/pytest.go:124.2,127.37 2 0
qualflare-cli/internal/adapters/parsers/unit/pytest/pytest.go:127.37,129.3 1 0
qualflare-cli/internal/adapters/parsers/unit/pytest/pytest.go:132.2,132.19 1 0
qualflare-cli/internal/adapters/parsers/unit/pytest/pytest.go:132.19,134.3 1 0
qualflare-cli/internal/adapters/parsers/unit/pytest/pytest.go:135.2,135.19 1 0
qualflare-cli/internal/adapters/parsers/unit/pytest/pytest.go:135.19,137.3 1 0
qualflare-cli/internal/adapters/parsers/unit/pytest/pytest.go:140.2,140.23 1 0
qualflare-cli/internal/adapters/parsers/unit/pytest/pytest.go:140.23,145.3 4 0
qualflare-cli/internal/adapters/parsers/unit/pytest/pytest.go:145.8,145.28 1 0
qualflare-cli/internal/adapters/parsers/unit/pytest/pytest.go:145.28,150.3 4 0
qualflare-cli/internal/adapters/parsers/unit/pytest/pytest.go:150.8,150.30 1 0
qualflare-cli/internal/adapters/parsers/unit/pytest/pytest.go:150.30,153.3 2 0
qualflare-cli/internal/adapters/parsers/unit/pytest/pytest.go:153.8,155.3 1 0
qualflare-cli/internal/adapters/parsers/unit/pytest/pytest.go:158.2,158.24 1 0
qualflare-cli/internal/adapters/parsers/unit/pytest/pytest.go:158.24,160.3 1 0
qualflare-cli/internal/adapters/parsers/unit/pytest/pytest.go:161.2,161.24 1 0
qualflare-cli/internal/adapters/parsers/unit/pytest/pytest.go:161.24,163.3 1 0
qualflare-cli/internal/adapters/parsers/unit/pytest/pytest.go:165.2,165.17 1 0
qualflare-cli/internal/adapters/parsers/unit/pytest/pytest.go:169.50,171.2 1 0
qualflare-cli/internal/adapters/parsers/unit/pytest/pytest.go:174.53,176.2 1 0
qualflare-cli/internal/adapters/parsers/unit/phpunit/phpunit.go:66.20,68.2 1 0
qualflare-cli/internal/adapters/parsers/unit/phpunit/phpunit.go:71.65,75.52 3 0
qualflare-cli/internal/adapters/parsers/unit/phpunit/phpunit.go:75.52,77.43 1 0
qualflare-cli/internal/adapters/parsers/unit/phpunit/phpunit.go:77.43,78.47 1 0
qualflare-cli/internal/adapters/parsers/unit/phpunit/phpunit.go:78.47,80.5 1 0
qualflare-cli/internal/adapters/parsers/unit/phpunit/phpunit.go:83.3,85.54 3 0
qualflare-cli/internal/adapters/parsers/unit/phpunit/phpunit.go:85.54,87.4 1 0
qualflare-cli/internal/adapters/parsers/unit/phpunit/phpunit.go:88.3,88.51 1 0
qualflare-cli/internal/adapters/parsers/unit/phpunit/phpunit.go:91.2,102.19 4 0
qualflare-cli/internal/adapters/parsers/unit/phpunit/phpunit.go:106.79,107.27 1 0
qualflare-cli/internal/adapters/parsers/unit/phpunit/phpunit.go:107.27,109.34 1 0
qualflare-cli/internal/adapters/parsers/unit/phpunit/phpunit.go:109.34,114.27 3 0
qualflare-cli/internal/adapters/parsers/unit/phpunit/phpunit.go:115.29,116.25 1 0
qualflare-cli/internal/adapters/parsers/unit/phpunit/phpunit.go:117.49,118.25 1 0
qualflare-cli/internal/adapters/parsers/unit/phpunit/phpunit.go:119.30,120.26 1 0
qualflare-cli/internal/adapters/parsers/unit/phpunit/phpunit.go:125.3,125.62 1 0
qualflare-cli/internal/adapters/parsers/unit/phpunit/phpunit.go:125.62,127.4 1 0
qualflare-cli/internal/adapters/parsers/unit/phpunit/phpunit.go:130.3,130.28 1 0
qualflare-cli/internal/adapters/parsers/unit/phpunit/phpunit.go:130.28,132.4 1 0
qualflare-cli/internal/adapters/parsers/unit/phpunit/phpunit.go:137.59,145.62 2 0
qualflare-cli/internal/adapters/parsers/unit/phpunit/phpunit.go:145.62,147.3 1 0
qualflare-cli/internal/adapters/parsers/unit/phpunit/phpunit.go:150.2,150.23 1 0
qualflare-cli/internal/adapters/parsers/unit/phpunit/phpunit.go:150.23,154.3 3 0
qualflare-cli/internal/adapters/parsers/unit/phpunit/phpunit.go:154.8,154.28 1 0
qualflare-cli/internal/adapters/parsers/unit/phpunit/phpunit.go:154.28,158.3 3 0
qualflare-cli/internal/adapters/parsers/unit/phpunit/phpunit.go:158.8,158.30 1 0
qualflare-cli/internal/adapters/parsers/unit/phpunit/phpunit.go:158.30,161.3 2 0
qualflare-cli/internal/adapters/parsers/unit/phpunit/phpunit.go:161.8,163.3 1 0
qualflare-cli/internal/adapters/parsers/unit/phpunit/phpunit.go:166.2,166.19 1 0
qualflare-cli/internal/adapters/parsers/unit/phpunit/phpunit.go:166.19,170.18 2 0
qualflare-cli/internal/adapters/parsers/unit/phpunit/phpunit.go:170.18,172.4 1 0
qualflare-cli/internal/adapters/parsers/unit/phpunit/phpunit.go:175.2,175.17 1 0
qualflare-cli/internal/adapters/parsers/unit/phpunit/phpunit.go:179.50,181.2 1 0
qualflare-cli/internal/adapters/parsers/unit/phpunit/phpunit.go:184.53,186.2 1 0
qualflare-cli/internal/core/domain/models.go:40.34,62.2 1 0
qualflare-cli/internal/core/domain/models.go:76.52,77.11 1 0
qualflare-cli/internal/core/domain/models.go:79.52,80.26 1 0
qualflare-cli/internal/core/domain/models.go:81.42,82.21 1 0
qualflare-cli/internal/core/domain/models.go:83.83,84.21 1 0
qualflare-cli/internal/core/domain/models.go:85.36,86.21 1 0
qualflare-cli/internal/core/domain/models.go:87.71,88.26 1 0
qualflare-cli/internal/core/domain/models.go:89.10,90.26 1 0
qualflare-cli/internal/core/domain/models.go:95.36,97.2 1 0
qualflare-cli/internal/core/domain/models.go:100.35,101.40 1 0
qualflare-cli/internal/core/domain/models.go:101.40,102.17 1 0
qualflare-cli/internal/core/domain/models.go:102.17,104.4 1 0
qualflare-cli/internal/core/domain/models.go:106.2,106.14 1 0
qualflare-cli/internal/core/domain/models.go:190.36,191.34 1 0
qualflare-cli/internal/core/domain/models.go:191.34,193.3 1 0
qualflare-cli/internal/core/domain/models.go:194.2,194.36 1 0
qualflare-cli/internal/core/domain/models.go:194.36,196.3 1 0
qualflare-cli/internal/core/domain/models.go:197.2,197.21 1 0
qualflare-cli/internal/config/config.go:38.30,54.2 1 0
qualflare-cli/internal/config/config.go:57.26,61.2 3 0
qualflare-cli/internal/config/config.go:64.32,66.43 1 0
qualflare-cli/internal/config/config.go:66.43,68.3 1 0
qualflare-cli/internal/config/config.go:69.2,69.48 1 0
qualflare-cli/internal/config/config.go:69.48,71.3 1 0
qualflare-cli/internal/config/config.go:74.2,74.43 1 0
qualflare-cli/internal/config/config.go:74.43,76.3 1 0
qualflare-cli/internal/config/config.go:77.2,77.47 1 0
qualflare-cli/internal/config/config.go:77.47,79.3 1 0
qualflare-cli/internal/config/config.go:82.2,86.45 3 0
qualflare-cli/internal/config/config.go:86.45,87.54 1 0
qualflare-cli/internal/config/config.go:87.54,89.4 1 0
qualflare-cli/internal/config/config.go:91.2,91.47 1 0
qualflare-cli/internal/config/config.go:91.47,92.50 1 0
qualflare-cli/internal/config/config.go:92.50,94.4 1 0
qualflare-cli/internal/config/config.go:96.2,96.51 1 0
qualflare-cli/internal/config/config.go:96.51,97.50 1 0
qualflare-cli/internal/config/config.go:97.50,99.4 1 0
qualflare-cli/internal/config/config.go:103.2,103.43 1 0
qualflare-cli/internal/config/config.go:103.43,104.50 1 0
qualflare-cli/internal/config/config.go:104.50,106.4 1 0
qualflare-cli/internal/config/config.go:110.2,110.59 1 0
qualflare-cli/internal/config/config.go:110.59,112.3 1 0
qualflare-cli/internal/config/config.go:113.2,113.57 1 0
qualflare-cli/internal/config/config.go:113.57,115.3 1 0
qualflare-cli/internal/config/config.go:119.40,120.15 1 0
qualflare-cli/internal/config/config.go:120.15,122.3 1 0
qualflare-cli/internal/config/config.go:126.50,127.20 1 0
qualflare-cli/internal/config/config.go:127.20,129.3 1 0
qualflare-cli/internal/config/config.go:133.45,134.19 1 0
qualflare-cli/internal/config/config.go:134.19,136.3 1 0
qualflare-cli/internal/config/config.go:140.45,141.15 1 0
qualflare-cli/internal/config/config.go:141.15,143.3 1 0
qualflare-cli/internal/config/config.go:147.43,148.18 1 0
qualflare-cli/internal/config/config.go:148.18,150.3 1 0
qualflare-cli/internal/config/config.go:154.43,155.18 1 0
qualflare-cli/internal/config/config.go:155.18,157.3 1 0
qualflare-cli/internal/config/config.go:161.52,162.17 1 0
qualflare-cli/internal/config/config.go:162.17,164.3 1 0
qualflare-cli/internal/config/config.go:168.43,170.2 1 0
qualflare-cli/internal/config/config.go:173.39,175.2 1 0
qualflare-cli/internal/config/config.go:178.41,180.2 1 0
qualflare-cli/internal/config/config.go:183.37,185.2 1 0
qualflare-cli/internal/config/config.go:188.42,190.2 1 0
qualflare-cli/internal/config/config.go:193.38,195.2 1 0
qualflare-cli/internal/config/config.go:198.42,200.2 1 0
qualflare-cli/internal/config/config.go:203.37,205.2 1 0
qualflare-cli/internal/config/config.go:208.37,210.2 1 0
qualflare-cli/internal/config/config.go:213.80,215.2 1 0
qualflare-cli/internal/config/config.go:218.45,220.2 1 0
qualflare-cli/internal/config/config.go:223.35,225.2 1 0
qualflare-cli/internal/config/config.go:228.33,230.2 1 0
qualflare-cli/internal/config/config.go:233.34,235.2 1 0
qualflare-cli/internal/config/config.go:238.35,239.25 1 0
qualflare-cli/internal/config/config.go:239.25,241.3 1 0
qualflare-cli/internal/config/config.go:242.2,242.12 1 0
qualflare-cli/internal/config/config.go:251.42,253.2 1 0
qualflare-cli/internal/config/config.go:256.41,257.27 1 0
qualflare-cli/internal/config/config.go:257.27,258.35 1 0
qualflare-cli/internal/config/config.go:258.35,260.4 1 0
qualflare-cli/internal/config/config.go:262.2,262.11 1 0
qualflare-cli/internal/adapters/parsers/unit/rspec/rspec.go:51.20,53.2 1 0
qualflare-cli/internal/adapters/parsers/unit/rspec/rspec.go:56.65,60.48 3 0
qualflare-cli/internal/adapters/parsers/unit/rspec/rspec.go:60.48,62.3 1 0
qualflare-cli/internal/adapters/parsers/unit/rspec/rspec.go:64.2,76.42 3 0
qualflare-cli/internal/adapters/parsers/unit/rspec/rspec.go:76.42,79.3 2 0
qualflare-cli/internal/adapters/parsers/unit/rspec/rspec.go:81.2,81.19 1 0
qualflare-cli/internal/adapters/parsers/unit/rspec/rspec.go:85.62,94.24 2 0
qualflare-cli/internal/adapters/parsers/unit/rspec/rspec.go:95.16,96.40 1 0
qualflare-cli/internal/adapters/parsers/unit/rspec/rspec.go:97.16,99.31 2 0
qualflare-cli/internal/adapters/parsers/unit/rspec/rspec.go:99.31,102.44 3 0
qualflare-cli/internal/adapters/parsers/unit/rspec/rspec.go:102.44,104.69 2 0
qualflare-cli/internal/adapters/parsers/unit/rspec/rspec.go:104.69,106.6 1 0
qualflare-cli/internal/adapters/parsers/unit/rspec/rspec.go:109.17,111.49 2 0
qualflare-cli/internal/adapters/parsers/unit/rspec/rspec.go:112.10,113.41 1 0
qualflare-cli/internal/adapters/parsers/unit/rspec/rspec.go:117.2,122.17 2 0
qualflare-cli/internal/adapters/parsers/unit/rspec/rspec.go:126.50,128.2 1 0
qualflare-cli/internal/adapters/parsers/unit/rspec/rspec.go:131.53,133.2 1 0
qualflare-cli/internal/core/services/report_service.go:26.18,32.2 1 0
qualflare-cli/internal/core/services/report_service.go:35.115,37.16 2 0
qualflare-cli/internal/core/services/report_service.go:37.16,39.3 1 0
qualflare-cli/internal/core/services/report_service.go:42.2,42.25 1 0
qualflare-cli/internal/core/services/report_service.go:42.25,44.3 1 0
qualflare-cli/internal/core/services/report_service.go:46.2,46.41 1 0
qualflare-cli/internal/core/services/report_service.go:50.131,51.21 1 0
qualflare-cli/internal/core/services/report_service.go:51.21,53.3 1 0
qualflare-cli/internal/core/services/report_service.go:55.2,59.21 3 0
qualflare-cli/internal/core/services/report_service.go:59.21,61.17 2 0
qualflare-cli/internal/core/services/report_service.go:61.17,63.4 1 0
qualflare-cli/internal/core/services/report_service.go:66.2,69.33 3 0
qualflare-cli/internal/core/services/report_service.go:69.33,70.10 1 0
qualflare-cli/internal/core/services/report_service.go:71.21,72.25 1 0
qualflare-cli/internal/core/services/report_service.go:73.11,73.11 0 0
qualflare-cli/internal/core/services/report_service.go:76.3,79.27 2 0
qualflare-cli/internal/core/services/report_service.go:79.27,81.18 2 0
qualflare-cli/internal/core/services/report_service.go:81.18,83.5 1 0
qualflare-cli/internal/core/services/report_service.go:85.4,86.18 2 0
qualflare-cli/internal/core/services/report_service.go:86.18,88.5 1 0
qualflare-cli/internal/core/services/report_service.go:91.3,92.17 2 0
qualflare-cli/internal/core/services/report_service.go:92.17,94.4 1 0
qualflare-cli/internal/core/services/report_service.go:96.3,99.49 2 0
qualflare-cli/internal/core/services/report_service.go:99.49,101.4 1 0
qualflare-cli/internal/core/services/report_service.go:105.2,105.19 1 0
qualflare-cli/internal/core/services/report_service.go:105.19,107.3 1 0
qualflare-cli/internal/core/services/report_service.go:109.2,109.51 1 0
qualflare-cli/internal/core/services/report_service.go:113.138,116.33 2 0
qualflare-cli/internal/core/services/report_service.go:116.33,117.10 1 0
qualflare-cli/internal/core/services/report_service.go:118.21,119.25 1 0
qualflare-cli/internal/core/services/report_service.go:120.11,120.11 0 0
qualflare-cli/internal/core/services/report_service.go:123.3,128.54 2 0
qualflare-cli/internal/core/services/report_service.go:128.54,132.12 4 0
qualflare-cli/internal/core/services/report_service.go:136.3,139.22 3 0
qualflare-cli/internal/core/services/report_service.go:139.22,141.4 1 0
qualflare-cli/internal/core/services/report_service.go:141.9,143.18 2 0
qualflare-cli/internal/core/services/report_service.go:143.18,147.13 4 0
qualflare-cli/internal/core/services/report_service.go:151.3,155.17 3 0
qualflare-cli/internal/core/services/report_service.go:155.17,159.12 4 0
qualflare-cli/internal/core/services/report_service.go:163.3,164.17 2 0
qualflare-cli/internal/core/services/report_service.go:164.17,168.12 4 0
qualflare-cli/internal/core/services/report_service.go:171.3,173.36 3 0
qualflare-cli/internal/core/services/report_service.go:176.2,176.21 1 0
qualflare-cli/internal/core/services/report_service.go:180.84,183.16 2 0
qualflare-cli/internal/core/services/report_service.go:183.16,186.3 1 0
qualflare-cli/internal/core/services/report_service.go:188.2,188.70 1 0
qualflare-cli/internal/core/services/report_service.go:192.96,194.16 2 0
qualflare-cli/internal/core/services/report_service.go:194.16,196.3 1 0
qualflare-cli/internal/core/services/report_service.go:197.2,200.16 3 0
qualflare-cli/internal/core/services/report_service.go:200.16,202.3 1 0
qualflare-cli/internal/core/services/report_service.go:204.2,204.19 1 0
qualflare-cli/internal/core/services/report_service.go:208.108,224.2 1 0
qualflare-cli/internal/version/version.go:29.17,38.2 1 0
qualflare-cli/internal/version/version.go:41.31,44.2 1 0
qualflare-cli/internal/version/version.go:47.30,49.2 1 0
qualflare-cli/internal/version/version.go:52.40,53.21 1 0
qualflare-cli/internal/version/version.go:53.21,55.3 1 0
qualflare-cli/internal/version/version.go:56.2,56.15 1 0
qualflare-cli/internal/version/version.go:60.25,62.2 1 0
